Base path: E:/Editor_new/Editor/Data
Pipe name: \\.\pipe\UnityShaderCompiler-64bit-1-6732
Cmd: getPlatforms
Cmd: preprocess
  insize=9238 outsize=2321 ok=1
Cmd: compileSnippet
  api=4 type=0 insize=6565 outsize=990 kw= ok=1
Cmd: compileSnippet
  api=4 type=1 insize=6565 outsize=1883 kw= ok=1
Cmd: compileSnippet
  api=4 type=0 insize=6560 outsize=990 kw= ok=1
Cmd: compileSnippet
  api=4 type=1 insize=6560 outsize=3549 kw= ok=1
Cmd: compileSnippet
  api=4 type=0 insize=6560 outsize=990 kw= ok=1
Cmd: compileSnippet
  api=4 type=1 insize=6560 outsize=1469 kw= ok=1
Cmd: compileSnippet
  api=4 type=0 insize=6560 outsize=990 kw= ok=1
Cmd: compileSnippet
  api=4 type=1 insize=6560 outsize=1469 kw= ok=1
Cmd: compileSnippet
  api=4 type=0 insize=6562 outsize=990 kw= ok=1
Cmd: compileSnippet
  api=4 type=1 insize=6562 outsize=1794 kw= ok=1
Cmd: compileSnippet
  api=4 type=0 insize=6562 outsize=990 kw= ok=1
Cmd: compileSnippet
  api=4 type=1 insize=6562 outsize=1469 kw= ok=1
Cmd: compileSnippet
  api=4 type=0 insize=6571 outsize=990 kw= ok=1
Cmd: compileSnippet
  api=4 type=1 insize=6571 outsize=1428 kw= ok=1
Cmd: compileSnippet
  api=4 type=0 insize=6576 outsize=990 kw= ok=1
Cmd: compileSnippet
  api=4 type=1 insize=6576 outsize=1347 kw= ok=1
Cmd: compileSnippet
  api=4 type=0 insize=6569 outsize=990 kw= ok=1
Cmd: compileSnippet
  api=4 type=1 insize=6569 outsize=852 kw= ok=1
Cmd: compileSnippet
  api=4 type=0 insize=6567 outsize=990 kw= ok=1
Cmd: compileSnippet
  api=4 type=1 insize=6567 outsize=1510 kw= ok=1
Cmd: compileSnippet
  api=4 type=0 insize=6574 outsize=990 kw= ok=1
Cmd: compileSnippet
  api=4 type=1 insize=6574 outsize=1932 kw= ok=1
Cmd: preprocess
  insize=11291 outsize=719 ok=1
Cmd: compileSnippet
  api=4 type=0 insize=10606 outsize=990 kw= ok=1
Cmd: compileSnippet
  api=4 type=1 insize=10606 outsize=1672 kw= ok=1
Cmd: compileSnippet
  api=4 type=0 insize=10628 outsize=990 kw= ok=1
Cmd: compileSnippet
  api=4 type=1 insize=10628 outsize=9269 kw= ok=1
Cmd: compileSnippet
  api=4 type=0 insize=10627 outsize=990 kw= ok=1
Cmd: compileSnippet
  api=4 type=1 insize=10627 outsize=9285 kw= ok=1
Cmd: preprocess
  insize=447 outsize=447 ok=1
Cmd: preprocess
  error: 1 plat 15 at (0): texcoord2 missing from surface shader's vertex input struct (appdata), disabled dynamic GI and meta pass generation
  insize=1584 outsize=2093 ok=1
Cmd: compileSnippet
  api=4 type=0 insize=10385 outsize=1298 kw=DIRECTIONAL SHADOWS_OFF LIGHTMAP_OFF DIRLIGHTMAP_OFF DYNAMICLIGHTMAP_OFF ok=1
Cmd: compileSnippet
  api=4 type=1 insize=10385 outsize=3452 kw=DIRECTIONAL SHADOWS_OFF LIGHTMAP_OFF DIRLIGHTMAP_OFF DYNAMICLIGHTMAP_OFF ok=1
Cmd: compileSnippet
  api=4 type=2 insize=10385 outsize=7815 kw=DIRECTIONAL SHADOWS_OFF LIGHTMAP_OFF DIRLIGHTMAP_OFF DYNAMICLIGHTMAP_OFF ok=1
Cmd: compileSnippet
  api=4 type=3 insize=10385 outsize=5913 kw=DIRECTIONAL SHADOWS_OFF LIGHTMAP_OFF DIRLIGHTMAP_OFF DYNAMICLIGHTMAP_OFF ok=1
Cmd: compileSnippet
  api=4 type=0 insize=7969 outsize=1298 kw=POINT ok=1
Cmd: compileSnippet
  api=4 type=1 insize=7969 outsize=3687 kw=POINT ok=1
Cmd: compileSnippet
  api=4 type=2 insize=7969 outsize=7815 kw=POINT ok=1
Cmd: compileSnippet
  api=4 type=3 insize=7969 outsize=5288 kw=POINT ok=1
Cmd: compileSnippet
  api=4 type=0 insize=7074 outsize=1298 kw= ok=1
Cmd: compileSnippet
  api=4 type=1 insize=7074 outsize=1575 kw= ok=1
Cmd: compileSnippet
  api=4 type=2 insize=7074 outsize=7815 kw= ok=1
Cmd: compileSnippet
  api=4 type=3 insize=7074 outsize=5247 kw= ok=1
Cmd: compileSnippet
  api=4 type=0 insize=9144 outsize=1298 kw=LIGHTMAP_OFF DIRLIGHTMAP_OFF DYNAMICLIGHTMAP_OFF HDR_LIGHT_PREPASS_OFF ok=1
Cmd: compileSnippet
  api=4 type=1 insize=9144 outsize=1591 kw=LIGHTMAP_OFF DIRLIGHTMAP_OFF DYNAMICLIGHTMAP_OFF HDR_LIGHT_PREPASS_OFF ok=1
Cmd: compileSnippet
  api=4 type=2 insize=9144 outsize=7815 kw=LIGHTMAP_OFF DIRLIGHTMAP_OFF DYNAMICLIGHTMAP_OFF HDR_LIGHT_PREPASS_OFF ok=1
Cmd: compileSnippet
  api=4 type=3 insize=9144 outsize=5255 kw=LIGHTMAP_OFF DIRLIGHTMAP_OFF DYNAMICLIGHTMAP_OFF HDR_LIGHT_PREPASS_OFF ok=1
Cmd: compileSnippet
  api=4 type=0 insize=10304 outsize=1298 kw=LIGHTMAP_OFF DIRLIGHTMAP_OFF DYNAMICLIGHTMAP_OFF HDR_LIGHT_PREPASS_OFF ok=1
Cmd: compileSnippet
  api=4 type=1 insize=10304 outsize=2728 kw=LIGHTMAP_OFF DIRLIGHTMAP_OFF DYNAMICLIGHTMAP_OFF HDR_LIGHT_PREPASS_OFF ok=1
Cmd: compileSnippet
  api=4 type=2 insize=10304 outsize=7815 kw=LIGHTMAP_OFF DIRLIGHTMAP_OFF DYNAMICLIGHTMAP_OFF HDR_LIGHT_PREPASS_OFF ok=1
Cmd: compileSnippet
  api=4 type=3 insize=10304 outsize=6052 kw=LIGHTMAP_OFF DIRLIGHTMAP_OFF DYNAMICLIGHTMAP_OFF HDR_LIGHT_PREPASS_OFF ok=1
Cmd: compileSnippet
  api=4 type=0 insize=5900 outsize=1298 kw=SHADOWS_DEPTH ok=1
Cmd: compileSnippet
  api=4 type=1 insize=5900 outsize=518 kw=SHADOWS_DEPTH ok=1
Cmd: compileSnippet
  api=4 type=2 insize=5900 outsize=7815 kw=SHADOWS_DEPTH ok=1
Cmd: compileSnippet
  api=4 type=3 insize=5900 outsize=5158 kw=SHADOWS_DEPTH ok=1
Cmd: preprocess
  insize=1220 outsize=458 ok=1
Cmd: compileSnippet
  api=4 type=0 insize=1008 outsize=990 kw= ok=1
Cmd: compileSnippet
  api=4 type=1 insize=1008 outsize=843 kw= ok=1
Cmd: compileSnippet
  api=4 type=0 insize=1007 outsize=990 kw= ok=1
Cmd: compileSnippet
  api=4 type=1 insize=1007 outsize=843 kw= ok=1
Cmd: preprocess
  insize=9695 outsize=918 ok=1
Cmd: compileSnippet
  api=4 type=0 insize=8985 outsize=1908 kw= ok=1
Cmd: compileSnippet
  api=4 type=1 insize=8985 outsize=3094 kw= ok=1
Cmd: compileSnippet
  api=4 type=0 insize=8989 outsize=1997 kw= ok=1
Cmd: compileSnippet
  api=4 type=1 insize=8989 outsize=3297 kw= ok=1
Cmd: compileSnippet
  api=4 type=0 insize=9009 outsize=1339 kw= ok=1
Cmd: compileSnippet
  api=4 type=1 insize=9009 outsize=4963 kw= ok=1
Cmd: compileSnippet
  api=4 type=0 insize=9004 outsize=1339 kw= ok=1
Cmd: compileSnippet
  api=4 type=1 insize=9004 outsize=5223 kw= ok=1
Cmd: compileSnippet
  api=4 type=0 insize=9008 outsize=1477 kw= ok=1
Cmd: compileSnippet
  api=4 type=1 insize=9008 outsize=1502 kw= ok=1
Cmd: preprocess
  insize=1692 outsize=351 ok=1
Cmd: compileSnippet
  api=4 type=0 insize=1642 outsize=1347 kw= ok=1
Cmd: compileSnippet
  api=4 type=1 insize=1642 outsize=1965 kw= ok=1
Cmd: preprocess
  insize=818 outsize=818 ok=1
Cmd: preprocess
  insize=925 outsize=355 ok=1
Cmd: compileSnippet
  api=4 type=0 insize=875 outsize=990 kw= ok=1
Cmd: compileSnippet
  api=4 type=1 insize=875 outsize=1225 kw= ok=1
Cmd: preprocess
  insize=1013 outsize=316 ok=1
Cmd: compileSnippet
  api=4 type=0 insize=1002 outsize=990 kw= ok=1
Cmd: compileSnippet
  api=4 type=1 insize=1002 outsize=957 kw= ok=1
Cmd: preprocess
  insize=5231 outsize=2186 ok=1
Cmd: compileSnippet
  api=4 type=0 insize=3349 outsize=1957 kw=WATER_REFRACTIVE ok=1
Cmd: compileSnippet
  api=4 type=1 insize=3349 outsize=2875 kw=WATER_REFRACTIVE ok=1
Cmd: preprocess
  insize=1993 outsize=486 ok=1
Cmd: compileSnippet
  api=4 type=0 insize=1809 outsize=990 kw= ok=1
Cmd: compileSnippet
  api=4 type=1 insize=1809 outsize=1688 kw= ok=1
Cmd: preprocess
  insize=1298 outsize=412 ok=1
Cmd: compileSnippet
  api=4 type=0 insize=1191 outsize=1339 kw= ok=1
Cmd: compileSnippet
  api=4 type=1 insize=1191 outsize=1526 kw= ok=1
Cmd: preprocess
  insize=3630 outsize=712 ok=1
Cmd: compileSnippet
  api=4 type=0 insize=3155 outsize=990 kw= ok=1
Cmd: compileSnippet
  api=4 type=1 insize=3155 outsize=1339 kw= ok=1
Cmd: compileSnippet
  api=4 type=0 insize=3153 outsize=990 kw= ok=1
Cmd: compileSnippet
  api=4 type=1 insize=3153 outsize=1209 kw= ok=1
Cmd: compileSnippet
  api=4 type=0 insize=3198 outsize=990 kw= ok=1
Cmd: compileSnippet
  api=4 type=1 insize=3198 outsize=2785 kw= ok=1
Cmd: preprocess
  error: 1 plat 15 at (0): texcoord2 missing from surface shader's vertex input struct (appdata), disabled dynamic GI and meta pass generation
  insize=1423 outsize=2039 ok=1
Cmd: compileSnippet
  api=4 type=0 insize=10553 outsize=1298 kw=DIRECTIONAL SHADOWS_OFF LIGHTMAP_OFF DIRLIGHTMAP_OFF DYNAMICLIGHTMAP_OFF ok=1
Cmd: compileSnippet
  api=4 type=1 insize=10553 outsize=3452 kw=DIRECTIONAL SHADOWS_OFF LIGHTMAP_OFF DIRLIGHTMAP_OFF DYNAMICLIGHTMAP_OFF ok=1
Cmd: compileSnippet
  api=4 type=2 insize=10553 outsize=7750 kw=DIRECTIONAL SHADOWS_OFF LIGHTMAP_OFF DIRLIGHTMAP_OFF DYNAMICLIGHTMAP_OFF ok=1
Cmd: compileSnippet
  api=4 type=3 insize=10553 outsize=6880 kw=DIRECTIONAL SHADOWS_OFF LIGHTMAP_OFF DIRLIGHTMAP_OFF DYNAMICLIGHTMAP_OFF ok=1
Cmd: compileSnippet
  api=4 type=0 insize=8137 outsize=1298 kw=POINT ok=1
Cmd: compileSnippet
  api=4 type=1 insize=8137 outsize=3687 kw=POINT ok=1
Cmd: compileSnippet
  api=4 type=2 insize=8137 outsize=7750 kw=POINT ok=1
Cmd: compileSnippet
  api=4 type=3 insize=8137 outsize=6255 kw=POINT ok=1
Cmd: compileSnippet
  api=4 type=0 insize=7242 outsize=1298 kw= ok=1
Cmd: compileSnippet
  api=4 type=1 insize=7242 outsize=1575 kw= ok=1
Cmd: compileSnippet
  api=4 type=2 insize=7242 outsize=7750 kw= ok=1
Cmd: compileSnippet
  api=4 type=3 insize=7242 outsize=6214 kw= ok=1
Cmd: compileSnippet
  api=4 type=0 insize=9312 outsize=1298 kw=LIGHTMAP_OFF DIRLIGHTMAP_OFF DYNAMICLIGHTMAP_OFF HDR_LIGHT_PREPASS_OFF ok=1
Cmd: compileSnippet
  api=4 type=1 insize=9312 outsize=1591 kw=LIGHTMAP_OFF DIRLIGHTMAP_OFF DYNAMICLIGHTMAP_OFF HDR_LIGHT_PREPASS_OFF ok=1
Cmd: compileSnippet
  api=4 type=2 insize=9312 outsize=7750 kw=LIGHTMAP_OFF DIRLIGHTMAP_OFF DYNAMICLIGHTMAP_OFF HDR_LIGHT_PREPASS_OFF ok=1
Cmd: compileSnippet
  api=4 type=3 insize=9312 outsize=6222 kw=LIGHTMAP_OFF DIRLIGHTMAP_OFF DYNAMICLIGHTMAP_OFF HDR_LIGHT_PREPASS_OFF ok=1
Cmd: compileSnippet
  api=4 type=0 insize=10472 outsize=1298 kw=LIGHTMAP_OFF DIRLIGHTMAP_OFF DYNAMICLIGHTMAP_OFF HDR_LIGHT_PREPASS_OFF ok=1
Cmd: compileSnippet
  api=4 type=1 insize=10472 outsize=2728 kw=LIGHTMAP_OFF DIRLIGHTMAP_OFF DYNAMICLIGHTMAP_OFF HDR_LIGHT_PREPASS_OFF ok=1
Cmd: compileSnippet
  api=4 type=2 insize=10472 outsize=7750 kw=LIGHTMAP_OFF DIRLIGHTMAP_OFF DYNAMICLIGHTMAP_OFF HDR_LIGHT_PREPASS_OFF ok=1
Cmd: compileSnippet
  api=4 type=3 insize=10472 outsize=7018 kw=LIGHTMAP_OFF DIRLIGHTMAP_OFF DYNAMICLIGHTMAP_OFF HDR_LIGHT_PREPASS_OFF ok=1
Cmd: compileSnippet
  api=4 type=0 insize=6068 outsize=1298 kw=SHADOWS_DEPTH ok=1
Cmd: compileSnippet
  api=4 type=1 insize=6068 outsize=518 kw=SHADOWS_DEPTH ok=1
Cmd: compileSnippet
  api=4 type=2 insize=6068 outsize=7750 kw=SHADOWS_DEPTH ok=1
Cmd: compileSnippet
  api=4 type=3 insize=6068 outsize=5889 kw=SHADOWS_DEPTH ok=1
Cmd: preprocess
  insize=1242 outsize=409 ok=1
Cmd: compileSnippet
  api=4 type=0 insize=1138 outsize=990 kw= ok=1
Cmd: compileSnippet
  api=4 type=1 insize=1138 outsize=1957 kw= ok=1
Cmd: preprocess
  insize=6809 outsize=797 ok=1
Cmd: compileSnippet
  api=4 type=0 insize=2033 outsize=1209 kw= ok=1
Cmd: compileSnippet
  api=4 type=1 insize=2033 outsize=12235 kw= ok=1
Cmd: compileSnippet
  api=4 type=0 insize=2297 outsize=1209 kw= ok=1
Cmd: compileSnippet
  api=4 type=1 insize=2297 outsize=20132 kw= ok=1
Cmd: compileSnippet
  api=4 type=0 insize=2803 outsize=1209 kw= ok=1
Cmd: compileSnippet
  api=4 type=1 insize=2803 outsize=35927 kw= ok=1
Cmd: compileSnippet
  api=4 type=0 insize=3079 outsize=1071 kw= ok=1
Cmd: compileSnippet
  api=4 type=1 insize=3079 outsize=4012 kw= ok=1
Cmd: compileSnippet
  api=4 type=0 insize=2019 outsize=1103 kw= ok=1
Cmd: compileSnippet
  api=4 type=1 insize=2019 outsize=1095 kw= ok=1
Cmd: preprocess
  insize=1180 outsize=313 ok=1
Cmd: compileSnippet
  api=4 type=0 insize=1171 outsize=1737 kw= ok=1
Cmd: compileSnippet
  api=4 type=1 insize=1171 outsize=1396 kw= ok=1
Cmd: preprocess
  insize=12994 outsize=2701 ok=1
Cmd: compileSnippet
  api=4 type=0 insize=10201 outsize=5377 kw=WATER_REFLECTIVE WATER_VERTEX_DISPLACEMENT_ON WATER_EDGEBLEND_ON ok=1
Cmd: compileSnippet
  api=4 type=1 insize=10201 outsize=5897 kw=WATER_REFLECTIVE WATER_VERTEX_DISPLACEMENT_ON WATER_EDGEBLEND_ON ok=1
Cmd: compileSnippet
  api=4 type=0 insize=10204 outsize=4987 kw=WATER_REFLECTIVE WATER_VERTEX_DISPLACEMENT_ON WATER_EDGEBLEND_ON ok=1
Cmd: compileSnippet
  api=4 type=1 insize=10204 outsize=4483 kw=WATER_REFLECTIVE WATER_VERTEX_DISPLACEMENT_ON WATER_EDGEBLEND_ON ok=1
Cmd: compileSnippet
  api=4 type=0 insize=9946 outsize=1973 kw= ok=1
Cmd: compileSnippet
  api=4 type=1 insize=9946 outsize=3070 kw= ok=1
Cmd: preprocess
  insize=1048 outsize=1038 ok=1
Cmd: compileSnippet
  api=4 type=0 insize=6925 outsize=3265 kw=DIRECTIONAL SHADOWS_OFF LIGHTMAP_OFF DIRLIGHTMAP_OFF DYNAMICLIGHTMAP_OFF ok=1
Cmd: compileSnippet
  api=4 type=1 insize=6925 outsize=1453 kw=DIRECTIONAL SHADOWS_OFF LIGHTMAP_OFF DIRLIGHTMAP_OFF DYNAMICLIGHTMAP_OFF ok=1
Cmd: compileSnippet
  api=4 type=0 insize=3896 outsize=2737 kw=POINT ok=1
Cmd: compileSnippet
  api=4 type=1 insize=3896 outsize=2135 kw=POINT ok=1
Cmd: compileSnippet
  api=4 type=0 insize=3314 outsize=2087 kw= ok=1
Cmd: compileSnippet
  api=4 type=1 insize=3314 outsize=1250 kw= ok=1
Cmd: preprocess
  insize=2658 outsize=774 ok=1
Cmd: compileSnippet
  api=4 type=0 insize=1987 outsize=1339 kw= ok=1
Cmd: compileSnippet
  api=4 type=1 insize=1987 outsize=1201 kw= ok=1
Cmd: compileSnippet
  api=4 type=0 insize=1984 outsize=1339 kw= ok=1
Cmd: compileSnippet
  api=4 type=1 insize=1984 outsize=933 kw= ok=1
Cmd: compileSnippet
  api=4 type=0 insize=1997 outsize=1640 kw= ok=1
Cmd: compileSnippet
  api=4 type=1 insize=1997 outsize=1307 kw= ok=1
Cmd: compileSnippet
  api=4 type=0 insize=1996 outsize=1339 kw= ok=1
Cmd: compileSnippet
  api=4 type=1 insize=1996 outsize=852 kw= ok=1
Cmd: preprocess
  insize=975 outsize=305 ok=1
Cmd: compileSnippet
  api=4 type=0 insize=975 outsize=990 kw= ok=1
Cmd: compileSnippet
  api=4 type=1 insize=975 outsize=990 kw= ok=1
Cmd: preprocess
  insize=1384 outsize=384 ok=1
Cmd: compileSnippet
  api=4 type=0 insize=1302 outsize=1453 kw= ok=1
Cmd: compileSnippet
  api=4 type=1 insize=1302 outsize=1437 kw= ok=1
Cmd: preprocess
  insize=1427 outsize=347 ok=1
Cmd: compileSnippet
  api=4 type=0 insize=1386 outsize=1786 kw= ok=1
Cmd: compileSnippet
  api=4 type=1 insize=1386 outsize=1331 kw= ok=1
Cmd: preprocess
  insize=1716 outsize=728 ok=1
Cmd: compileSnippet
  api=4 type=0 insize=1294 outsize=1827 kw= ok=1
Cmd: compileSnippet
  api=4 type=1 insize=1294 outsize=1355 kw= ok=1
Cmd: preprocess
  insize=472 outsize=472 ok=1
Cmd: preprocess
  insize=1410 outsize=346 ok=1
Cmd: compileSnippet
  api=4 type=0 insize=1366 outsize=1347 kw= ok=1
Cmd: compileSnippet
  api=4 type=1 insize=1366 outsize=1502 kw= ok=1
Cmd: preprocess
  insize=1275 outsize=329 ok=1
Cmd: compileSnippet
  api=4 type=0 insize=1251 outsize=1298 kw= ok=1
Cmd: compileSnippet
  api=4 type=1 insize=1251 outsize=1428 kw= ok=1
Cmd: preprocess
  insize=2313 outsize=644 ok=1
Cmd: compileSnippet
  api=4 type=0 insize=1975 outsize=1428 kw= ok=1
Cmd: compileSnippet
  api=4 type=1 insize=1975 outsize=3208 kw= ok=1
Cmd: preprocess
  insize=972 outsize=271 ok=1
Cmd: compileSnippet
  api=4 type=0 insize=1001 outsize=1055 kw= ok=1
Cmd: compileSnippet
  api=4 type=1 insize=1001 outsize=1217 kw= ok=1
Cmd: preprocess
  insize=794 outsize=320 ok=1
Cmd: compileSnippet
  api=4 type=0 insize=776 outsize=990 kw= ok=1
Cmd: compileSnippet
  api=4 type=1 insize=776 outsize=1103 kw= ok=1
Cmd: preprocess
  insize=6471 outsize=995 ok=1
Cmd: compileSnippet
  api=4 type=0 insize=5452 outsize=1298 kw= ok=1
Cmd: compileSnippet
  api=4 type=1 insize=5452 outsize=876 kw= ok=1
Cmd: compileSnippet
  api=4 type=0 insize=5459 outsize=1583 kw= ok=1
Cmd: compileSnippet
  api=4 type=1 insize=5459 outsize=1518 kw= ok=1
Cmd: compileSnippet
  api=4 type=0 insize=5463 outsize=1396 kw= ok=1
Cmd: compileSnippet
  api=4 type=1 insize=5463 outsize=1518 kw= ok=1
Cmd: compileSnippet
  api=4 type=0 insize=5464 outsize=1396 kw= ok=1
Cmd: compileSnippet
  api=4 type=1 insize=5464 outsize=1518 kw= ok=1
Cmd: compileSnippet
  api=4 type=0 insize=5468 outsize=1753 kw= ok=1
Cmd: compileSnippet
  api=4 type=1 insize=5468 outsize=1786 kw= ok=1
Cmd: compileSnippet
  api=4 type=0 insize=5469 outsize=1753 kw= ok=1
Cmd: compileSnippet
  api=4 type=1 insize=5469 outsize=1786 kw= ok=1
Cmd: preprocess
  insize=32639 outsize=273 ok=1
Cmd: compileSnippet
  api=4 type=0 insize=32668 outsize=990 kw= ok=1
Cmd: compileSnippet
  api=4 type=1 insize=32668 outsize=10748 kw= ok=1
Cmd: preprocess
  insize=1223 outsize=260 ok=1
Cmd: compileSnippet
  api=4 type=0 insize=1265 outsize=1258 kw= ok=1
Cmd: compileSnippet
  api=4 type=1 insize=1265 outsize=1437 kw= ok=1
Cmd: preprocess
  insize=3606 outsize=704 ok=1
Cmd: compileSnippet
  api=4 type=0 insize=2934 outsize=1843 kw= ok=1
Cmd: compileSnippet
  api=4 type=1 insize=2934 outsize=2298 kw= ok=1
Cmd: compileSnippet
  api=4 type=0 insize=2925 outsize=1843 kw= ok=1
Cmd: compileSnippet
  api=4 type=1 insize=2925 outsize=1705 kw= ok=1
Cmd: compileSnippet
  api=4 type=0 insize=2924 outsize=1843 kw= ok=1
Cmd: compileSnippet
  api=4 type=1 insize=2924 outsize=1753 kw= ok=1
Cmd: compileSnippet
  api=4 type=0 insize=2936 outsize=1843 kw= ok=1
Cmd: compileSnippet
  api=4 type=1 insize=2936 outsize=2233 kw= ok=1
Cmd: preprocess
  insize=835 outsize=835 ok=1
Cmd: preprocess
  insize=1006 outsize=248 ok=1
Cmd: compileSnippet
  api=4 type=0 insize=1059 outsize=1534 kw= ok=1
Cmd: compileSnippet
  api=4 type=1 insize=1059 outsize=1144 kw= ok=1
Cmd: preprocess
  insize=5407 outsize=1800 ok=1
Cmd: compileSnippet
  api=4 type=0 insize=3254 outsize=1339 kw= ok=1
Cmd: compileSnippet
  api=4 type=1 insize=3254 outsize=1160 kw= ok=1
Cmd: compileSnippet
  api=4 type=0 insize=3251 outsize=1339 kw= ok=1
Cmd: compileSnippet
  api=4 type=1 insize=3251 outsize=933 kw= ok=1
Cmd: compileSnippet
  api=4 type=0 insize=3267 outsize=1753 kw= ok=1
Cmd: compileSnippet
  api=4 type=1 insize=3267 outsize=1428 kw= ok=1
Cmd: compileSnippet
  api=4 type=0 insize=3259 outsize=1339 kw= ok=1
Cmd: compileSnippet
  api=4 type=1 insize=3259 outsize=852 kw= ok=1
Cmd: compileSnippet
  api=4 type=0 insize=3259 outsize=1339 kw= ok=1
Cmd: compileSnippet
  api=4 type=1 insize=3259 outsize=1160 kw= ok=1
Cmd: compileSnippet
  api=4 type=0 insize=3256 outsize=1339 kw= ok=1
Cmd: compileSnippet
  api=4 type=1 insize=3256 outsize=933 kw= ok=1
Cmd: compileSnippet
  api=4 type=0 insize=3268 outsize=1753 kw= ok=1
Cmd: compileSnippet
  api=4 type=1 insize=3268 outsize=1355 kw= ok=1
Cmd: compileSnippet
  api=4 type=0 insize=3261 outsize=1339 kw= ok=1
Cmd: compileSnippet
  api=4 type=1 insize=3261 outsize=770 kw= ok=1
Cmd: compileSnippet
  api=4 type=0 insize=3253 outsize=1339 kw= ok=1
Cmd: compileSnippet
  api=4 type=1 insize=3253 outsize=559 kw= ok=1
Cmd: compileSnippet
  api=4 type=0 insize=3257 outsize=1339 kw= ok=1
Cmd: compileSnippet
  api=4 type=1 insize=3257 outsize=762 kw= ok=1
Cmd: compileSnippet
  api=4 type=0 insize=3252 outsize=1339 kw= ok=1
Cmd: compileSnippet
  api=4 type=1 insize=3252 outsize=648 kw= ok=1
Cmd: preprocess
  insize=730 outsize=730 ok=1
Cmd: preprocess
  insize=13848 outsize=2058 ok=1
Cmd: compileSnippet
  api=4 type=0 insize=11210 outsize=990 kw= ok=1
Cmd: compileSnippet
  api=4 type=1 insize=11210 outsize=2160 kw= ok=1
Cmd: compileSnippet
  api=4 type=0 insize=11201 outsize=990 kw= ok=1
Cmd: compileSnippet
  api=4 type=1 insize=11201 outsize=843 kw= ok=1
Cmd: compileSnippet
  api=4 type=0 insize=11209 outsize=990 kw= ok=1
Cmd: compileSnippet
  api=4 type=1 insize=11209 outsize=1916 kw= ok=1
Cmd: compileSnippet
  api=4 type=0 insize=11214 outsize=990 kw= ok=1
Cmd: compileSnippet
  api=4 type=1 insize=11214 outsize=3703 kw= ok=1
Cmd: compileSnippet
  api=4 type=0 insize=11224 outsize=990 kw= ok=1
Cmd: compileSnippet
  api=4 type=1 insize=11224 outsize=5881 kw= ok=1
Cmd: compileSnippet
  api=4 type=0 insize=11211 outsize=990 kw= ok=1
Cmd: compileSnippet
  api=4 type=1 insize=11211 outsize=1615 kw= ok=1
Cmd: compileSnippet
  api=4 type=0 insize=11210 outsize=990 kw= ok=1
Cmd: compileSnippet
  api=4 type=1 insize=11210 outsize=3013 kw= ok=1
Cmd: compileSnippet
  api=4 type=0 insize=11216 outsize=990 kw= ok=1
Cmd: compileSnippet
  api=4 type=1 insize=11216 outsize=9277 kw= ok=1
Cmd: preprocess
  insize=1045 outsize=358 ok=1
Cmd: compileSnippet
  api=4 type=0 insize=992 outsize=990 kw= ok=1
Cmd: compileSnippet
  api=4 type=1 insize=992 outsize=1038 kw= ok=1
Cmd: preprocess
  insize=12161 outsize=2583 ok=1
Cmd: compileSnippet
  api=4 type=0 insize=9487 outsize=5028 kw=WATER_REFLECTIVE WATER_VERTEX_DISPLACEMENT_ON WATER_EDGEBLEND_ON ok=1
Cmd: compileSnippet
  api=4 type=1 insize=9487 outsize=5003 kw=WATER_REFLECTIVE WATER_VERTEX_DISPLACEMENT_ON WATER_EDGEBLEND_ON ok=1
Cmd: compileSnippet
  api=4 type=0 insize=9490 outsize=4735 kw=WATER_REFLECTIVE WATER_VERTEX_DISPLACEMENT_ON WATER_EDGEBLEND_ON ok=1
Cmd: compileSnippet
  api=4 type=1 insize=9490 outsize=4215 kw=WATER_REFLECTIVE WATER_VERTEX_DISPLACEMENT_ON WATER_EDGEBLEND_ON ok=1
Cmd: compileSnippet
  api=4 type=0 insize=9232 outsize=1932 kw= ok=1
Cmd: compileSnippet
  api=4 type=1 insize=9232 outsize=3070 kw= ok=1
Cmd: preprocess
  insize=6309 outsize=753 ok=1
Cmd: compileSnippet
  api=4 type=0 insize=5347 outsize=1859 kw= ok=1
Cmd: compileSnippet
  api=4 type=1 insize=5347 outsize=4378 kw= ok=1
Cmd: compileSnippet
  api=4 type=0 insize=5355 outsize=1859 kw= ok=1
Cmd: compileSnippet
  api=4 type=1 insize=5355 outsize=3492 kw= ok=1
Cmd: compileSnippet
  api=4 type=0 insize=5349 outsize=1859 kw= ok=1
Cmd: compileSnippet
  api=4 type=1 insize=5349 outsize=3508 kw= ok=1
Cmd: compileSnippet
  api=4 type=0 insize=5360 outsize=1859 kw= ok=1
Cmd: compileSnippet
  api=4 type=1 insize=5360 outsize=2688 kw= ok=1
Cmd: compileSnippet
  api=4 type=0 insize=5355 outsize=1859 kw= ok=1
Cmd: compileSnippet
  api=4 type=1 insize=5355 outsize=1908 kw= ok=1
Cmd: preprocess
  insize=2978 outsize=782 ok=1
Cmd: compileSnippet
  api=4 type=0 insize=2245 outsize=1428 kw= ok=1
Cmd: compileSnippet
  api=4 type=1 insize=2245 outsize=933 kw= ok=1
Cmd: compileSnippet
  api=4 type=0 insize=2247 outsize=1428 kw= ok=1
Cmd: compileSnippet
  api=4 type=1 insize=2247 outsize=1160 kw= ok=1
Cmd: compileSnippet
  api=4 type=0 insize=2249 outsize=1428 kw= ok=1
Cmd: compileSnippet
  api=4 type=1 insize=2249 outsize=973 kw= ok=1
Cmd: compileSnippet
  api=4 type=0 insize=2248 outsize=1428 kw= ok=1
Cmd: compileSnippet
  api=4 type=1 insize=2248 outsize=1973 kw= ok=1
Cmd: compileSnippet
  api=4 type=0 insize=2251 outsize=1428 kw= ok=1
Cmd: compileSnippet
  api=4 type=1 insize=2251 outsize=957 kw= ok=1
Cmd: preprocess
  insize=11465 outsize=2626 ok=1
Cmd: compileSnippet
  api=4 type=0 insize=8626 outsize=1298 kw= ok=1
Cmd: compileSnippet
  api=4 type=1 insize=8626 outsize=4459 kw= ok=1
Cmd: compileSnippet
  api=4 type=0 insize=8630 outsize=1298 kw= ok=1
Cmd: compileSnippet
  api=4 type=1 insize=8630 outsize=2542 kw= ok=1
Cmd: compileSnippet
  api=4 type=0 insize=8629 outsize=1298 kw= ok=1
Cmd: compileSnippet
  api=4 type=1 insize=8629 outsize=876 kw= ok=1
Cmd: compileSnippet
  api=4 type=0 insize=8633 outsize=1298 kw= ok=1
Cmd: compileSnippet
  api=4 type=1 insize=8633 outsize=1729 kw= ok=1
Cmd: compileSnippet
  api=4 type=0 insize=8632 outsize=1298 kw= ok=1
Cmd: compileSnippet
  api=4 type=1 insize=8632 outsize=1331 kw= ok=1
Cmd: preprocess
  insize=2422 outsize=1168 ok=1
Cmd: compileSnippet
  api=4 type=0 insize=1556 outsize=1567 kw= ok=1
Cmd: compileSnippet
  api=4 type=1 insize=1556 outsize=1493 kw= ok=1
Cmd: preprocess
  insize=984 outsize=438 ok=1
Cmd: compileSnippet
  api=4 type=0 insize=848 outsize=990 kw= ok=1
Cmd: compileSnippet
  api=4 type=1 insize=848 outsize=778 kw= ok=1
Cmd: preprocess
  insize=608 outsize=608 ok=1
Cmd: preprocess
  insize=13865 outsize=2626 ok=1
Cmd: compileSnippet
  api=4 type=0 insize=10279 outsize=990 kw= ok=1
Cmd: compileSnippet
  api=4 type=1 insize=10279 outsize=1177 kw= ok=1
Cmd: compileSnippet
  api=4 type=0 insize=10278 outsize=990 kw= ok=1
Cmd: compileSnippet
  api=4 type=1 insize=10278 outsize=1615 kw= ok=1
Cmd: compileSnippet
  api=4 type=0 insize=10278 outsize=990 kw= ok=1
Cmd: compileSnippet
  api=4 type=1 insize=10278 outsize=1688 kw= ok=1
Cmd: compileSnippet
  api=4 type=0 insize=10260 outsize=990 kw= ok=1
Cmd: compileSnippet
  api=4 type=1 insize=10260 outsize=1209 kw= ok=1
Cmd: compileSnippet
  api=4 type=0 insize=10279 outsize=990 kw= ok=1
Cmd: compileSnippet
  api=4 type=1 insize=10279 outsize=1339 kw= ok=1
Cmd: compileSnippet
  api=4 type=0 insize=10260 outsize=990 kw= ok=1
Cmd: compileSnippet
  api=4 type=1 insize=10260 outsize=1607 kw= ok=1
Cmd: compileSnippet
  api=4 type=0 insize=10305 outsize=1347 kw= ok=1
Cmd: compileSnippet
  api=4 type=1 insize=10305 outsize=1851 kw= ok=1
Cmd: compileSnippet
  api=4 type=0 insize=10259 outsize=990 kw= ok=1
Cmd: compileSnippet
  api=4 type=1 insize=10259 outsize=510 kw= ok=1
Cmd: compileSnippet
  api=4 type=0 insize=10263 outsize=990 kw= ok=1
Cmd: compileSnippet
  api=4 type=1 insize=10263 outsize=600 kw= ok=1
Cmd: compileSnippet
  api=4 type=0 insize=10285 outsize=2160 kw= ok=1
Cmd: compileSnippet
  api=4 type=1 insize=10285 outsize=3265 kw= ok=1
Cmd: compileSnippet
  api=4 type=0 insize=10279 outsize=2160 kw= ok=1
Cmd: compileSnippet
  api=4 type=1 insize=10279 outsize=3427 kw= ok=1
Cmd: compileSnippet
  api=4 type=0 insize=10285 outsize=2160 kw= ok=1
Cmd: compileSnippet
  api=4 type=1 insize=10285 outsize=3265 kw= ok=1
Cmd: preprocess
  insize=1960 outsize=490 ok=1
Cmd: compileSnippet
  api=4 type=0 insize=1746 outsize=990 kw= ok=1
Cmd: compileSnippet
  api=4 type=1 insize=1746 outsize=1599 kw= ok=1
Cmd: compileSnippet
  api=4 type=0 insize=1759 outsize=990 kw= ok=1
Cmd: compileSnippet
  api=4 type=1 insize=1759 outsize=1900 kw= ok=1
Cmd: preprocess
  insize=1576 outsize=990 ok=1
Cmd: compileSnippet
  api=4 type=0 insize=867 outsize=1599 kw= ok=1
Cmd: compileSnippet
  api=4 type=1 insize=867 outsize=502 kw= ok=1
Cmd: preprocess
  insize=3056 outsize=1760 ok=1
Cmd: compileSnippet
  api=4 type=0 insize=1602 outsize=1875 kw= ok=1
Cmd: compileSnippet
  api=4 type=1 insize=1602 outsize=2070 kw= ok=1
Cmd: preprocess
  insize=1699 outsize=302 ok=1
Cmd: compileSnippet
  api=4 type=0 insize=1702 outsize=1737 kw= ok=1
Cmd: compileSnippet
  api=4 type=1 insize=1702 outsize=2355 kw= ok=1
Cmd: preprocess
  insize=1189 outsize=403 ok=1
Cmd: compileSnippet
  api=4 type=0 insize=1088 outsize=1583 kw= ok=1
Cmd: compileSnippet
  api=4 type=1 insize=1088 outsize=1152 kw= ok=1
Cmd: preprocess
  insize=1153 outsize=392 ok=1
Cmd: compileSnippet
  api=4 type=0 insize=1063 outsize=1583 kw= ok=1
Cmd: compileSnippet
  api=4 type=1 insize=1063 outsize=1152 kw= ok=1
Cmd: preprocess
  insize=27359 outsize=4693 ok=1
Cmd: compileSnippet
  api=4 type=0 insize=19336 outsize=1298 kw= ok=1
Cmd: compileSnippet
  api=4 type=1 insize=19336 outsize=1420 kw= ok=1
Cmd: compileSnippet
  api=4 type=0 insize=19342 outsize=2095 kw= ok=1
Cmd: compileSnippet
  api=4 type=1 insize=19342 outsize=3915 kw= ok=1
Cmd: compileSnippet
  api=4 type=0 insize=19345 outsize=2095 kw= ok=1
Cmd: compileSnippet
  api=4 type=1 insize=19345 outsize=7571 kw= ok=1
Cmd: compileSnippet
  api=4 type=0 insize=19324 outsize=1298 kw= ok=1
Cmd: compileSnippet
  api=4 type=1 insize=19324 outsize=648 kw= ok=1
Cmd: compileSnippet
  api=4 type=0 insize=19340 outsize=1298 kw= ok=1
Cmd: compileSnippet
  api=4 type=1 insize=19340 outsize=1412 kw= ok=1
Cmd: compileSnippet
  api=4 type=0 insize=19327 outsize=1298 kw= ok=1
Cmd: compileSnippet
  api=4 type=1 insize=19327 outsize=2558 kw= ok=1
Cmd: compileSnippet
  api=4 type=0 insize=19338 outsize=1298 kw= ok=1
Cmd: compileSnippet
  api=4 type=1 insize=19338 outsize=2095 kw= ok=1
Cmd: compileSnippet
  api=4 type=0 insize=19334 outsize=1298 kw= ok=1
Cmd: compileSnippet
  api=4 type=1 insize=19334 outsize=827 kw= ok=1
Cmd: compileSnippet
  api=4 type=0 insize=19344 outsize=1298 kw= ok=1
Cmd: compileSnippet
  api=4 type=1 insize=19344 outsize=1485 kw= ok=1
Cmd: compileSnippet
  api=4 type=0 insize=19337 outsize=1298 kw= ok=1
Cmd: compileSnippet
  api=4 type=1 insize=19337 outsize=1217 kw= ok=1
Cmd: compileSnippet
  api=4 type=0 insize=19344 outsize=1298 kw= ok=1
Cmd: compileSnippet
  api=4 type=1 insize=19344 outsize=1802 kw= ok=1
Cmd: compileSnippet
  api=4 type=0 insize=19332 outsize=1298 kw= ok=1
Cmd: compileSnippet
  api=4 type=1 insize=19332 outsize=3086 kw= ok=1
Cmd: compileSnippet
  api=4 type=0 insize=19341 outsize=1298 kw= ok=1
Cmd: compileSnippet
  api=4 type=1 insize=19341 outsize=3484 kw= ok=1
Cmd: compileSnippet
  api=4 type=0 insize=19328 outsize=1298 kw= ok=1
Cmd: compileSnippet
  api=4 type=1 insize=19328 outsize=1542 kw= ok=1
Cmd: compileSnippet
  api=4 type=0 insize=19343 outsize=1298 kw= ok=1
Cmd: compileSnippet
  api=4 type=1 insize=19343 outsize=1030 kw= ok=1
Cmd: compileSnippet
  api=4 type=0 insize=19333 outsize=1298 kw= ok=1
Cmd: compileSnippet
  api=4 type=1 insize=19333 outsize=1388 kw= ok=1
Cmd: compileSnippet
  api=4 type=0 insize=19326 outsize=1298 kw= ok=1
Cmd: compileSnippet
  api=4 type=1 insize=19326 outsize=843 kw= ok=1
Cmd: compileSnippet
  api=4 type=0 insize=19333 outsize=1298 kw= ok=1
Cmd: compileSnippet
  api=4 type=1 insize=19333 outsize=3842 kw= ok=1
Cmd: compileSnippet
  api=4 type=0 insize=19341 outsize=1298 kw= ok=1
Cmd: compileSnippet
  api=4 type=1 insize=19341 outsize=3744 kw= ok=1
Cmd: compileSnippet
  api=4 type=0 insize=19351 outsize=2095 kw= ok=1
Cmd: compileSnippet
  api=4 type=1 insize=19351 outsize=4654 kw= ok=1
Cmd: compileSnippet
  api=4 type=0 insize=19329 outsize=1298 kw= ok=1
Cmd: compileSnippet
  api=4 type=1 insize=19329 outsize=762 kw= ok=1
Cmd: compileSnippet
  api=4 type=0 insize=19331 outsize=1298 kw= ok=1
Cmd: compileSnippet
  api=4 type=1 insize=19331 outsize=2558 kw= ok=1
Cmd: compileSnippet
  api=4 type=0 insize=19349 outsize=1298 kw= ok=1
Cmd: compileSnippet
  api=4 type=1 insize=19349 outsize=648 kw= ok=1
Cmd: preprocess
  insize=1355 outsize=1355 ok=1
Cmd: preprocess
  insize=4118 outsize=552 ok=1
Cmd: compileSnippet
  api=4 type=0 insize=3766 outsize=1737 kw= ok=1
Cmd: compileSnippet
  api=4 type=1 insize=3766 outsize=3289 kw= ok=1
Cmd: compileSnippet
  api=4 type=0 insize=3778 outsize=1737 kw= ok=1
Cmd: compileSnippet
  api=4 type=1 insize=3778 outsize=1778 kw= ok=1
Cmd: compileSnippet
  api=4 type=0 insize=3769 outsize=1737 kw= ok=1
Cmd: compileSnippet
  api=4 type=1 insize=3769 outsize=2379 kw= ok=1
Cmd: preprocess
  insize=2281 outsize=1208 ok=1
Cmd: compileSnippet
  api=4 type=0 insize=1317 outsize=1908 kw= ok=1
Cmd: compileSnippet
  api=4 type=1 insize=1317 outsize=1583 kw= ok=1
Cmd: preprocess
  insize=1744 outsize=296 ok=1
Cmd: compileSnippet
  api=4 type=0 insize=1749 outsize=1713 kw= ok=1
Cmd: compileSnippet
  api=4 type=1 insize=1749 outsize=4613 kw= ok=1
Cmd: preprocess
  insize=1033 outsize=351 ok=1
Cmd: compileSnippet
  api=4 type=0 insize=984 outsize=990 kw= ok=1
Cmd: compileSnippet
  api=4 type=1 insize=984 outsize=1282 kw= ok=1
Cmd: preprocess
  insize=1134 outsize=457 ok=1
Cmd: compileSnippet
  api=4 type=0 insize=951 outsize=990 kw= ok=1
Cmd: compileSnippet
  api=4 type=1 insize=951 outsize=949 kw= ok=1
Cmd: compileSnippet
  api=4 type=0 insize=957 outsize=990 kw= ok=1
Cmd: compileSnippet
  api=4 type=1 insize=957 outsize=1006 kw= ok=1
Cmd: preprocess
  insize=742 outsize=267 ok=1
Cmd: compileSnippet
  api=4 type=0 insize=775 outsize=990 kw= ok=1
Cmd: compileSnippet
  api=4 type=1 insize=775 outsize=819 kw= ok=1
Cmd: preprocess
  insize=5863 outsize=873 ok=1
Cmd: compileSnippet
  api=4 type=0 insize=4953 outsize=1558 kw= ok=1
Cmd: compileSnippet
  api=4 type=1 insize=4953 outsize=2135 kw= ok=1
Cmd: compileSnippet
  api=4 type=0 insize=4955 outsize=1558 kw= ok=1
Cmd: compileSnippet
  api=4 type=1 insize=4955 outsize=1640 kw= ok=1
Cmd: compileSnippet
  api=4 type=0 insize=4959 outsize=1558 kw= ok=1
Cmd: compileSnippet
  api=4 type=1 insize=4959 outsize=1802 kw= ok=1
Cmd: compileSnippet
  api=4 type=0 insize=4968 outsize=990 kw= ok=1
Cmd: compileSnippet
  api=4 type=1 insize=4968 outsize=1038 kw= ok=1
Cmd: compileSnippet
  api=4 type=0 insize=4949 outsize=1558 kw= ok=1
Cmd: compileSnippet
  api=4 type=1 insize=4949 outsize=2135 kw= ok=1
Cmd: preprocess
  insize=5662 outsize=758 ok=1
Cmd: compileSnippet
  api=4 type=0 insize=4699 outsize=990 kw= ok=1
Cmd: compileSnippet
  api=4 type=1 insize=4699 outsize=1185 kw= ok=1
Cmd: compileSnippet
  api=4 type=0 insize=4703 outsize=2135 kw= ok=1
Cmd: compileSnippet
  api=4 type=1 insize=4703 outsize=1835 kw= ok=1
Cmd: compileSnippet
  api=4 type=0 insize=4713 outsize=2143 kw= ok=1
Cmd: compileSnippet
  api=4 type=1 insize=4713 outsize=2737 kw= ok=1
Cmd: compileSnippet
  api=4 type=0 insize=4708 outsize=2143 kw= ok=1
Cmd: compileSnippet
  api=4 type=1 insize=4708 outsize=2403 kw= ok=1
Cmd: compileSnippet
  api=4 type=0 insize=4714 outsize=1737 kw= ok=1
Cmd: compileSnippet
  api=4 type=1 insize=4714 outsize=2355 kw= ok=1
Cmd: preprocess
  insize=590 outsize=357 ok=1
Cmd: compileSnippet
  api=4 type=0 insize=532 outsize=990 kw= ok=1
Cmd: compileSnippet
  api=4 type=1 insize=532 outsize=1258 kw= ok=1
Cmd: preprocess
  insize=7288 outsize=922 ok=1
Cmd: compileSnippet
  api=4 type=0 insize=5704 outsize=1298 kw= ok=1
Cmd: compileSnippet
  api=4 type=1 insize=5704 outsize=795 kw= ok=1
Cmd: compileSnippet
  api=4 type=0 insize=5703 outsize=1298 kw= ok=1
Cmd: compileSnippet
  api=4 type=1 insize=5703 outsize=892 kw= ok=1
Cmd: compileSnippet
  api=4 type=0 insize=5697 outsize=1298 kw= ok=1
Cmd: compileSnippet
  api=4 type=1 insize=5697 outsize=2623 kw= ok=1
Cmd: compileSnippet
  api=4 type=0 insize=5696 outsize=1298 kw= ok=1
Cmd: compileSnippet
  api=4 type=1 insize=5696 outsize=2777 kw= ok=1
Cmd: compileSnippet
  api=4 type=0 insize=5699 outsize=1298 kw= ok=1
Cmd: compileSnippet
  api=4 type=1 insize=5699 outsize=2891 kw= ok=1
Cmd: compileSnippet
  api=4 type=0 insize=5698 outsize=1298 kw= ok=1
Cmd: compileSnippet
  api=4 type=1 insize=5698 outsize=2948 kw= ok=1
Cmd: compileSnippet
  api=4 type=0 insize=5700 outsize=1298 kw= ok=1
Cmd: compileSnippet
  api=4 type=1 insize=5700 outsize=998 kw= ok=1
Cmd: preprocess
  insize=32649 outsize=273 ok=1
Cmd: compileSnippet
  api=4 type=0 insize=32678 outsize=990 kw= ok=1
Cmd: compileSnippet
  api=4 type=1 insize=32678 outsize=10683 kw= ok=1
Cmd: preprocess
  insize=316 outsize=316 ok=1
Cmd: preprocess
  insize=5299 outsize=1741 ok=1
Cmd: compileSnippet
  api=4 type=0 insize=3862 outsize=1753 kw= ok=1
Cmd: compileSnippet
  api=4 type=1 insize=3862 outsize=6945 kw= ok=1
Cmd: preprocess
  insize=6804 outsize=255 ok=1
Cmd: compileSnippet
  api=4 type=0 insize=6851 outsize=1380 kw= ok=1
Cmd: compileSnippet
  api=4 type=1 insize=6851 outsize=4418 kw= ok=1
Cmd: preprocess
  insize=4539 outsize=554 ok=1
Cmd: compileSnippet
  api=4 type=0 insize=4193 outsize=2200 kw= ok=1
Cmd: compileSnippet
  api=4 type=1 insize=4193 outsize=7027 kw= ok=1
Cmd: compileSnippet
  api=4 type=0 insize=4197 outsize=2200 kw= ok=1
Cmd: compileSnippet
  api=4 type=1 insize=4197 outsize=6092 kw= ok=1
Cmd: preprocess
  insize=4868 outsize=1016 ok=1
Cmd: compileSnippet
  api=4 type=0 insize=3837 outsize=1298 kw= ok=1
Cmd: compileSnippet
  api=4 type=1 insize=3837 outsize=1201 kw= ok=1
Cmd: compileSnippet
  api=4 type=0 insize=3844 outsize=1233 kw= ok=1
Cmd: compileSnippet
  api=4 type=1 insize=3844 outsize=1185 kw= ok=1
Cmd: compileSnippet
  api=4 type=0 insize=3842 outsize=1298 kw= ok=1
Cmd: compileSnippet
  api=4 type=1 insize=3842 outsize=1672 kw= ok=1
Cmd: compileSnippet
  api=4 type=0 insize=3844 outsize=1298 kw= ok=1
Cmd: compileSnippet
  api=4 type=1 insize=3844 outsize=1973 kw= ok=1
Cmd: compileSnippet
  api=4 type=0 insize=3834 outsize=1298 kw= ok=1
Cmd: compileSnippet
  api=4 type=1 insize=3834 outsize=973 kw= ok=1
Cmd: preprocess
  insize=1500 outsize=667 ok=1
Cmd: compileSnippet
  api=4 type=0 insize=1135 outsize=1461 kw= ok=1
Cmd: compileSnippet
  api=4 type=1 insize=1135 outsize=1071 kw= ok=1
Cmd: preprocess
  insize=5767 outsize=1269 ok=1
Cmd: compileSnippet
  api=4 type=0 insize=4250 outsize=1428 kw= ok=1
Cmd: compileSnippet
  api=4 type=1 insize=4250 outsize=3192 kw= ok=1
Cmd: compileSnippet
  api=4 type=0 insize=3336 outsize=1185 kw= ok=1
Cmd: compileSnippet
  api=4 type=1 insize=3336 outsize=1656 kw= ok=1
Cmd: compileSnippet
  api=4 type=4 insize=3336 outsize=3590 kw= ok=1
Cmd: compileSnippet
  api=4 type=0 insize=3336 outsize=1185 kw= ok=1
Cmd: compileSnippet
  api=4 type=1 insize=3336 outsize=1656 kw= ok=1
Cmd: compileSnippet
  api=4 type=4 insize=3336 outsize=3590 kw= ok=1
Cmd: preprocess
  insize=785 outsize=304 ok=1
Cmd: compileSnippet
  api=4 type=0 insize=783 outsize=990 kw= ok=1
Cmd: compileSnippet
  api=4 type=1 insize=783 outsize=657 kw= ok=1
Cmd: preprocess
  insize=725 outsize=317 ok=1
Cmd: compileSnippet
  api=4 type=0 insize=710 outsize=990 kw= ok=1
Cmd: compileSnippet
  api=4 type=1 insize=710 outsize=1388 kw= ok=1
Cmd: preprocess
  insize=634 outsize=634 ok=1
Cmd: preprocess
  insize=963 outsize=963 ok=1
Cmd: preprocess
  insize=3940 outsize=650 ok=1
Cmd: compileSnippet
  api=4 type=0 insize=3334 outsize=990 kw= ok=1
Cmd: compileSnippet
  api=4 type=1 insize=3334 outsize=1258 kw= ok=1
Cmd: compileSnippet
  api=4 type=0 insize=3341 outsize=2135 kw= ok=1
Cmd: compileSnippet
  api=4 type=1 insize=3341 outsize=1835 kw= ok=1
Cmd: compileSnippet
  api=4 type=0 insize=3350 outsize=2119 kw= ok=1
Cmd: compileSnippet
  api=4 type=1 insize=3350 outsize=2192 kw= ok=1
Cmd: compileSnippet
  api=4 type=0 insize=3345 outsize=2119 kw= ok=1
Cmd: compileSnippet
  api=4 type=1 insize=3345 outsize=2403 kw= ok=1
Cmd: preprocess
  insize=880 outsize=301 ok=1
Cmd: compileSnippet
  api=4 type=0 insize=884 outsize=990 kw= ok=1
Cmd: compileSnippet
  api=4 type=1 insize=884 outsize=1087 kw= ok=1
Cmd: preprocess
  insize=1725 outsize=1007 ok=1
Cmd: compileSnippet
  api=4 type=0 insize=1020 outsize=1274 kw= ok=1
Cmd: compileSnippet
  api=4 type=1 insize=1020 outsize=908 kw= ok=1
Cmd: preprocess
  insize=1346 outsize=297 ok=1
Cmd: compileSnippet
  api=4 type=0 insize=1354 outsize=1558 kw= ok=1
Cmd: compileSnippet
  api=4 type=1 insize=1354 outsize=1940 kw= ok=1
Cmd: preprocess
  insize=2157 outsize=982 ok=1
Cmd: compileSnippet
  api=4 type=0 insize=912 outsize=1071 kw= ok=1
Cmd: compileSnippet
  api=4 type=1 insize=912 outsize=738 kw= ok=1
Cmd: compileSnippet
  api=4 type=0 insize=867 outsize=1071 kw= ok=1
Cmd: compileSnippet
  api=4 type=1 insize=867 outsize=600 kw= ok=1
Cmd: preprocess
  insize=5325 outsize=774 ok=1
Cmd: compileSnippet
  api=4 type=0 insize=4711 outsize=998 kw= ok=1
Cmd: compileSnippet
  api=4 type=1 insize=4711 outsize=1948 kw= ok=1
Cmd: compileSnippet
  api=4 type=0 insize=4716 outsize=998 kw= ok=1
Cmd: compileSnippet
  api=4 type=1 insize=4716 outsize=1680 kw= ok=1
Cmd: compileSnippet
  api=4 type=0 insize=4726 outsize=998 kw= ok=1
Cmd: compileSnippet
  api=4 type=1 insize=4726 outsize=6450 kw= ok=1
Cmd: preprocess
  insize=1087 outsize=489 ok=1
Cmd: compileSnippet
  api=4 type=0 insize=900 outsize=1128 kw= ok=1
Cmd: compileSnippet
  api=4 type=1 insize=900 outsize=1022 kw= ok=1
Cmd: preprocess
  insize=1220 outsize=389 ok=1
Cmd: compileSnippet
  api=4 type=0 insize=1136 outsize=1233 kw= ok=1
Cmd: compileSnippet
  api=4 type=1 insize=1136 outsize=1185 kw= ok=1
Cmd: preprocess
  insize=581 outsize=259 ok=1
Cmd: compileSnippet
  api=4 type=0 insize=624 outsize=827 kw= ok=1
Cmd: compileSnippet
  api=4 type=1 insize=624 outsize=437 kw= ok=1
Cmd: preprocess
  insize=731 outsize=315 ok=1
Cmd: compileSnippet
  api=4 type=0 insize=721 outsize=990 kw= ok=1
Cmd: compileSnippet
  api=4 type=1 insize=721 outsize=713 kw= ok=1
Cmd: preprocess
  insize=5293 outsize=887 ok=1
Cmd: compileSnippet
  api=4 type=0 insize=4443 outsize=1583 kw= ok=1
Cmd: compileSnippet
  api=4 type=1 insize=4443 outsize=1307 kw= ok=1
Cmd: compileSnippet
  api=4 type=0 insize=4447 outsize=1396 kw= ok=1
Cmd: compileSnippet
  api=4 type=1 insize=4447 outsize=1518 kw= ok=1
Cmd: compileSnippet
  api=4 type=0 insize=4448 outsize=1396 kw= ok=1
Cmd: compileSnippet
  api=4 type=1 insize=4448 outsize=1518 kw= ok=1
Cmd: compileSnippet
  api=4 type=0 insize=4452 outsize=1753 kw= ok=1
Cmd: compileSnippet
  api=4 type=1 insize=4452 outsize=1786 kw= ok=1
Cmd: compileSnippet
  api=4 type=0 insize=4453 outsize=1753 kw= ok=1
Cmd: compileSnippet
  api=4 type=1 insize=4453 outsize=1786 kw= ok=1
Cmd: preprocess
  insize=1734 outsize=683 ok=1
Cmd: compileSnippet
  api=4 type=0 insize=1353 outsize=1526 kw= ok=1
Cmd: compileSnippet
  api=4 type=1 insize=1353 outsize=1242 kw= ok=1
Cmd: compileSnippet
  api=4 type=0 insize=3101 outsize=7352 kw=SHADOWS_DEPTH ok=1
Cmd: compileSnippet
  api=4 type=1 insize=3101 outsize=868 kw=SHADOWS_DEPTH ok=1
Cmd: compileSnippet
  api=4 type=0 insize=6869 outsize=8977 kw=DIRECTIONAL SHADOWS_OFF LIGHTMAP_OFF DIRLIGHTMAP_OFF DYNAMICLIGHTMAP_OFF ok=1
Cmd: compileSnippet
  api=4 type=1 insize=6869 outsize=4191 kw=DIRECTIONAL SHADOWS_OFF LIGHTMAP_OFF DIRLIGHTMAP_OFF DYNAMICLIGHTMAP_OFF ok=1
Cmd: compileSnippet
  api=4 type=0 insize=8137 outsize=1298 kw=DIRECTIONAL ok=1
Cmd: compileSnippet
  api=4 type=1 insize=8137 outsize=2932 kw=DIRECTIONAL ok=1
Cmd: compileSnippet
  api=4 type=2 insize=8137 outsize=7750 kw=DIRECTIONAL ok=1
Cmd: compileSnippet
  api=4 type=3 insize=8137 outsize=6255 kw=DIRECTIONAL ok=1
Cmd: compileSnippet
  api=4 type=0 insize=1705 outsize=1274 kw=SOFTPARTICLES_OFF ok=1
Cmd: compileSnippet
  api=4 type=1 insize=1705 outsize=908 kw=SOFTPARTICLES_OFF ok=1
Cmd: compileSnippet
  api=4 type=0 insize=541 outsize=3517 kw=SHADOWS_DEPTH ok=1
Cmd: compileSnippet
  api=4 type=1 insize=541 outsize=437 kw=SHADOWS_DEPTH ok=1
Cmd: compileSnippet
  api=4 type=0 insize=6810 outsize=3647 kw=DIRECTIONAL SHADOWS_OFF LIGHTMAP_OFF DIRLIGHTMAP_OFF DYNAMICLIGHTMAP_OFF ok=1
Cmd: compileSnippet
  api=4 type=1 insize=6810 outsize=1298 kw=DIRECTIONAL SHADOWS_OFF LIGHTMAP_OFF DIRLIGHTMAP_OFF DYNAMICLIGHTMAP_OFF ok=1
Cmd: compileSnippet
  api=4 type=0 insize=3647 outsize=2737 kw=DIRECTIONAL ok=1
Cmd: compileSnippet
  api=4 type=1 insize=3647 outsize=1152 kw=DIRECTIONAL ok=1
Cmd: compileSnippet
  api=4 type=0 insize=1329 outsize=1388 kw= ok=1
Cmd: compileSnippet
  api=4 type=1 insize=1329 outsize=1152 kw= ok=1
Cmd: compileSnippet
  api=4 type=0 insize=1325 outsize=1388 kw= ok=1
Cmd: compileSnippet
  api=4 type=1 insize=1325 outsize=1152 kw= ok=1
Cmd: compileSnippet
  api=4 type=0 insize=1325 outsize=1388 kw= ok=1
Cmd: compileSnippet
  api=4 type=1 insize=1325 outsize=1152 kw= ok=1
Cmd: compileSnippet
  api=4 type=0 insize=1329 outsize=1388 kw= ok=1
Cmd: compileSnippet
  api=4 type=1 insize=1329 outsize=1152 kw= ok=1
Cmd: compileSnippet
  api=4 type=0 insize=1317 outsize=1388 kw= ok=1
Cmd: compileSnippet
  api=4 type=1 insize=1317 outsize=1152 kw= ok=1
Cmd: compileSnippet
  api=4 type=0 insize=1327 outsize=1388 kw= ok=1
Cmd: compileSnippet
  api=4 type=1 insize=1327 outsize=1152 kw= ok=1
Cmd: compileSnippet
  api=4 type=0 insize=7969 outsize=1298 kw=DIRECTIONAL ok=1
Cmd: compileSnippet
  api=4 type=1 insize=7969 outsize=2932 kw=DIRECTIONAL ok=1
Cmd: compileSnippet
  api=4 type=2 insize=7969 outsize=7815 kw=DIRECTIONAL ok=1
Cmd: compileSnippet
  api=4 type=3 insize=7969 outsize=5288 kw=DIRECTIONAL ok=1
Cmd: compileSnippet
  api=4 type=0 insize=3071 outsize=6409 kw=SHADOWS_DEPTH ok=1
Cmd: compileSnippet
  api=4 type=1 insize=3071 outsize=510 kw=SHADOWS_DEPTH ok=1
Cmd: compileSnippet
  api=4 type=0 insize=7509 outsize=7538 kw=DIRECTIONAL SHADOWS_OFF LIGHTMAP_OFF DIRLIGHTMAP_OFF DYNAMICLIGHTMAP_OFF ok=1
Cmd: compileSnippet
  api=4 type=1 insize=7509 outsize=3403 kw=DIRECTIONAL SHADOWS_OFF LIGHTMAP_OFF DIRLIGHTMAP_OFF DYNAMICLIGHTMAP_OFF ok=1
Cmd: compileSnippet
  api=4 type=0 insize=1105 outsize=7352 kw=SHADOWS_DEPTH ok=1
Cmd: compileSnippet
  api=4 type=1 insize=1105 outsize=868 kw=SHADOWS_DEPTH ok=1
Cmd: compileSnippet
  api=4 type=0 insize=6872 outsize=8977 kw=DIRECTIONAL SHADOWS_OFF LIGHTMAP_OFF DIRLIGHTMAP_OFF DYNAMICLIGHTMAP_OFF ok=1
Cmd: compileSnippet
  api=4 type=1 insize=6872 outsize=4118 kw=DIRECTIONAL SHADOWS_OFF LIGHTMAP_OFF DIRLIGHTMAP_OFF DYNAMICLIGHTMAP_OFF ok=1
Cmd: compileSnippet
  api=4 type=0 insize=5077 outsize=6620 kw=DIRECTIONAL ok=1
Cmd: compileSnippet
  api=4 type=1 insize=5077 outsize=3208 kw=DIRECTIONAL ok=1
Cmd: compileSnippet
  api=4 type=0 insize=751 outsize=3517 kw=SHADOWS_DEPTH ok=1
Cmd: compileSnippet
  api=4 type=1 insize=751 outsize=364 kw=SHADOWS_DEPTH ok=1
Cmd: compileSnippet
  api=4 type=0 insize=982 outsize=3963 kw=DIRECTIONAL SHADOWS_OFF LIGHTMAP_OFF DIRLIGHTMAP_OFF DYNAMICLIGHTMAP_OFF ok=1
Cmd: compileSnippet
  api=4 type=1 insize=982 outsize=10488 kw=DIRECTIONAL SHADOWS_OFF LIGHTMAP_OFF DIRLIGHTMAP_OFF DYNAMICLIGHTMAP_OFF ok=1
Cmd: compileSnippet
  api=4 type=0 insize=938 outsize=4020 kw=DIRECTIONAL SHADOWS_OFF ok=1
Cmd: compileSnippet
  api=4 type=1 insize=938 outsize=5442 kw=DIRECTIONAL SHADOWS_OFF ok=1
Cmd: compileSnippet
  api=4 type=0 insize=1004 outsize=4613 kw=SHADOWS_DEPTH ok=1
Cmd: compileSnippet
  api=4 type=1 insize=1004 outsize=868 kw=SHADOWS_DEPTH ok=1
Cmd: compileSnippet
  api=4 type=0 insize=631 outsize=4248 kw= ok=1
Cmd: compileSnippet
  api=4 type=1 insize=631 outsize=973 kw= ok=1
Cmd: compileSnippet
  api=4 type=0 insize=1706 outsize=1274 kw=SOFTPARTICLES_OFF ok=1
Cmd: compileSnippet
  api=4 type=1 insize=1706 outsize=852 kw=SOFTPARTICLES_OFF ok=1
Cmd: compileSnippet
  api=4 type=0 insize=1642 outsize=1274 kw=SOFTPARTICLES_OFF ok=1
Cmd: compileSnippet
  api=4 type=1 insize=1642 outsize=908 kw=SOFTPARTICLES_OFF ok=1
Cmd: compileSnippet
  api=4 type=0 insize=7523 outsize=4703 kw=DIRECTIONAL SHADOWS_OFF LIGHTMAP_OFF DIRLIGHTMAP_OFF DYNAMICLIGHTMAP_OFF ok=1
Cmd: compileSnippet
  api=4 type=1 insize=7523 outsize=3460 kw=DIRECTIONAL SHADOWS_OFF LIGHTMAP_OFF DIRLIGHTMAP_OFF DYNAMICLIGHTMAP_OFF ok=1
Cmd: compileSnippet
  api=4 type=0 insize=4918 outsize=3939 kw=DIRECTIONAL ok=1
Cmd: compileSnippet
  api=4 type=1 insize=4918 outsize=2891 kw=DIRECTIONAL ok=1
Cmd: compileSnippet
  api=4 type=0 insize=966 outsize=1274 kw= ok=1
Cmd: compileSnippet
  api=4 type=1 insize=966 outsize=795 kw= ok=1
Cmd: compileSnippet
  api=4 type=0 insize=1811 outsize=1274 kw=SOFTPARTICLES_OFF ok=1
Cmd: compileSnippet
  api=4 type=1 insize=1811 outsize=1095 kw=SOFTPARTICLES_OFF ok=1
Cmd: compileSnippet
  api=4 type=0 insize=3896 outsize=2737 kw=DIRECTIONAL ok=1
Cmd: compileSnippet
  api=4 type=1 insize=3896 outsize=1355 kw=DIRECTIONAL ok=1
Cmd: compileSnippet
  api=4 type=0 insize=794 outsize=4386 kw=SHADOWS_DEPTH ok=1
Cmd: compileSnippet
  api=4 type=1 insize=794 outsize=437 kw=SHADOWS_DEPTH ok=1
Cmd: compileSnippet
  api=4 type=0 insize=619 outsize=4215 kw= ok=1
Cmd: compileSnippet
  api=4 type=1 insize=619 outsize=787 kw= ok=1
Cmd: compileSnippet
  api=4 type=0 insize=2996 outsize=6409 kw=SHADOWS_DEPTH ok=1
Cmd: compileSnippet
  api=4 type=1 insize=2996 outsize=510 kw=SHADOWS_DEPTH ok=1
Cmd: compileSnippet
  api=4 type=0 insize=7434 outsize=7538 kw=DIRECTIONAL SHADOWS_OFF LIGHTMAP_OFF DIRLIGHTMAP_OFF DYNAMICLIGHTMAP_OFF ok=1
Cmd: compileSnippet
  api=4 type=1 insize=7434 outsize=3346 kw=DIRECTIONAL SHADOWS_OFF LIGHTMAP_OFF DIRLIGHTMAP_OFF DYNAMICLIGHTMAP_OFF ok=1
Cmd: compileSnippet
  api=4 type=0 insize=5002 outsize=6620 kw=DIRECTIONAL ok=1
Cmd: compileSnippet
  api=4 type=1 insize=5002 outsize=3151 kw=DIRECTIONAL ok=1
